21:26:29:287 [ALWAYS]	GUDE Logging Started
21:26:29:287 [INFO]	SqliteResumeCache::SqliteResumeCache basedirectory is null/empty
21:26:29:287 [ERROR]	SqliteResumeCache::CreateSqliteResumeCache creating resume cache pointer failure
21:26:29:287 [ERROR]	Initialize resume cache pointer failure
21:26:29:287 [INFO]	gude policy POLICY_USER limit (2,2,1) chunk 2097152, chunking (UL 0 DL 1), resXfer 1, adapt 0, NSURL 0, timeout 86400 
21:26:29:287 [INFO]	Initialized -- gude-lib version: v0.12.1 app: gude
21:26:33:947 [WARN]	Ignoring attempt to reinit logging to \gude at level 4 retaining 3 days of logs
21:26:33:948 [INFO]	SqliteResumeCache::SqliteResumeCache basedirectory is null/empty
21:26:33:948 [ERROR]	SqliteResumeCache::CreateSqliteResumeCache creating resume cache pointer failure
21:26:33:948 [ERROR]	Initialize resume cache pointer failure
21:26:33:948 [INFO]	gude policy POLICY_USER limit (4,4,1) chunk 2097152, chunking (UL 0 DL 1), resXfer 1, adapt 0, NSURL 1, timeout 86400 
21:26:33:948 [INFO]	Initialized -- gude-lib version: v0.12.1 app: gude
21:35:50:099 [ALWAYS]	GUDE Logging Started
21:35:50:099 [INFO]	SqliteResumeCache::SqliteResumeCache basedirectory is null/empty
21:35:50:099 [ERROR]	SqliteResumeCache::CreateSqliteResumeCache creating resume cache pointer failure
21:35:50:099 [ERROR]	Initialize resume cache pointer failure
21:35:50:099 [INFO]	gude policy POLICY_USER limit (2,2,1) chunk 2097152, chunking (UL 0 DL 1), resXfer 1, adapt 0, NSURL 0, timeout 86400 
21:35:50:099 [INFO]	Initialized -- gude-lib version: v0.12.1 app: gude
21:35:55:039 [WARN]	Ignoring attempt to reinit logging to \gude at level 4 retaining 3 days of logs
21:35:55:039 [INFO]	SqliteResumeCache::SqliteResumeCache basedirectory is null/empty
21:35:55:039 [ERROR]	SqliteResumeCache::CreateSqliteResumeCache creating resume cache pointer failure
21:35:55:039 [ERROR]	Initialize resume cache pointer failure
21:35:55:039 [INFO]	gude policy POLICY_USER limit (4,4,1) chunk 2097152, chunking (UL 0 DL 1), resXfer 1, adapt 0, NSURL 1, timeout 86400 
21:35:55:039 [INFO]	Initialized -- gude-lib version: v0.12.1 app: gude
